{"type":"server-started","port":62756,"host":"127.0.0.1","url_host":"localhost","url":"http://localhost:62756","screen_dir":"/Users/lawrence-eq/Projects/andikisha/.superpowers/brainstorm/57749-1777991204/content","state_dir":"/Users/lawrence-eq/Projects/andikisha/.superpowers/brainstorm/57749-1777991204/state"}
{"type":"screen-added","file":"/Users/lawrence-eq/Projects/andikisha/.superpowers/brainstorm/57749-1777991204/content/scope.html"}
{"source":"user-event","type":"click","text":"1. Auth & Sessions\n    Login, refresh tokens, session list, revoke sessions, rotate JWT secret\n    \n      2 done\n      4 missing","choice":"auth","id":null,"timestamp":1777991596714}
{"source":"user-event","type":"click","text":"2. Tenant Onboarding\n    Provision trial tenant, schema setup, invite admin team, onboarding checklist, bulk import\n    \n      4 done\n      3 partial\n      18 missing","choice":"onboarding","id":null,"timestamp":1777991598902}
{"source":"user-event","type":"click","text":"3. Tenant Lifecycle\n    List/filter/search tenants, suspend, reactivate, impersonate, upgrade/downgrade plan\n    \n      9 done\n      3 partial\n      12 missing","choice":"lifecycle","id":null,"timestamp":1777991599837}
{"source":"user-event","type":"click","text":"4. Plans & Licences\n    Subscription plans, licence status, seat limits, billing cycles, overrides\n    \n      2 done\n      3 partial\n      8 missing","choice":"plans","id":null,"timestamp":1777991600949}
{"source":"user-event","type":"click","text":"5. Feature Flags\n    Enable/disable features per tenant, global defaults, plan-to-flag mapping, rollout %\n    \n      3 done\n      7 missing","choice":"flags","id":null,"timestamp":1777991602115}
{"source":"user-event","type":"click","text":"6. System Health\n    Service status, queues, Redis, DB health, circuit breakers, dead-letter replay\n    \n      2 partial\n      13 missing","choice":"monitoring","id":null,"timestamp":1777991602616}
{"source":"user-event","type":"click","text":"7. Audit & Compliance\n    Cross-tenant audit log search/filter, export reports, suspicious activity alerts\n    \n      7 partial\n      7 missing","choice":"audit","id":null,"timestamp":1777991603299}
{"source":"user-event","type":"click","text":"14. Backup & DR\n    Manual DB backups, restore from backup, archive cold tenants, DR testing\n    \n      8 missing","choice":"backup","id":null,"timestamp":1777991603957}
{"source":"user-event","type":"click","text":"13. Platform Config\n    Update statutory rates (PAYE, NSSF, SHIF), public holidays, country support\n    \n      4 partial\n      7 missing","choice":"config","id":null,"timestamp":1777991604532}
{"source":"user-event","type":"click","text":"12. Data Migration\n    Upload competitor exports, schema mapping, preview, run & rollback migrations\n    \n      8 missing","choice":"migration","id":null,"timestamp":1777991605841}
{"source":"user-event","type":"click","text":"11. Communications\n    In-app messages, email campaigns, broadcast scheduling, email templates\n    \n      8 missing","choice":"comms","id":null,"timestamp":1777991607282}
{"source":"user-event","type":"click","text":"10. Security & Incidents\n    Force logout, lock accounts, block IPs, failed login history, security incidents\n    \n      2 partial\n      13 missing","choice":"security","id":null,"timestamp":1777991608473}
{"source":"user-event","type":"click","text":"9. Support & Ops\n    Active users, engagement score, broadcast messages, GDPR export/purge\n    \n      15 missing","choice":"support","id":null,"timestamp":1777991609448}
{"source":"user-event","type":"click","text":"8. Billing & Revenue\n    MRR/ARR dashboard, invoices, payment history, refunds, payment gateway config\n    \n      13 missing","choice":"billing","id":null,"timestamp":1777991610231}
{"source":"user-event","type":"click","text":"1. Auth & Sessions\n    Login, refresh tokens, session list, revoke sessions, rotate JWT secret\n    \n      2 done\n      4 missing","choice":"auth","id":null,"timestamp":1777991638696}
{"source":"user-event","type":"click","text":"1. Auth & Sessions\n    Login, refresh tokens, session list, revoke sessions, rotate JWT secret\n    \n      2 done\n      4 missing","choice":"auth","id":null,"timestamp":1777991639288}
{"type":"screen-added","file":"/Users/lawrence-eq/Projects/andikisha/.superpowers/brainstorm/57749-1777991204/content/waiting-1.html"}
{"type":"screen-added","file":"/Users/lawrence-eq/Projects/andikisha/.superpowers/brainstorm/57749-1777991204/content/phases.html"}
{"type":"screen-added","file":"/Users/lawrence-eq/Projects/andikisha/.superpowers/brainstorm/57749-1777991204/content/layout.html"}
{"source":"user-event","type":"click","text":"B\n    Expanded Sidebar\n    \n      \n        \n          \n          \n          \n        \n        \n          \n            \n            \n            \n            \n            \n            \n            \n          \n          \n            \n            \n              \n              \n            \n            \n            \n            \n            \n          \n        \n      \n      Expanded — Always-visible labels\n      Full-width sidebar with section labels always visible. Easier to navigate, good for a team using the portal occasionally.","choice":"b","id":null,"timestamp":1777992002880}
{"source":"user-event","type":"click","text":"B\n    Expanded Sidebar\n    \n      \n        \n          \n          \n          \n        \n        \n          \n            \n            \n            \n            \n            \n            \n            \n          \n          \n            \n            \n              \n              \n            \n            \n            \n            \n            \n          \n        \n      \n      Expanded — Always-visible labels\n      Full-width sidebar with section labels always visible. Easier to navigate, good for a team using the portal occasionally.","choice":"b","id":null,"timestamp":1777992055886}
{"source":"user-event","type":"click","text":"B\n    Expanded Sidebar\n    \n      \n        \n          \n          \n          \n        \n        \n          \n            \n            \n            \n            \n            \n            \n            \n          \n          \n            \n            \n              \n              \n            \n            \n            \n            \n            \n          \n        \n      \n      Expanded — Always-visible labels\n      Full-width sidebar with section labels always visible. Easier to navigate, good for a team using the portal occasionally.","choice":"b","id":null,"timestamp":1777992591463}
{"type":"screen-added","file":"/Users/lawrence-eq/Projects/andikisha/.superpowers/brainstorm/57749-1777991204/content/aesthetic.html"}
{"source":"user-event","type":"click","text":"A\n    \n      \n        \n          \n          \n        \n        \n          \n            \n            \n            \n            \n            \n          \n          \n            \n              \n              \n              \n            \n            \n            \n            \n            \n          \n        \n      \n      Dark Nav + Light Content\n      Dark sidebar, clean white workspace. The industry standard for ops dashboards. High contrast, comfortable for long sessions.","choice":"a","id":null,"timestamp":1777992998391}
{"type":"screen-added","file":"/Users/lawrence-eq/Projects/andikisha/.superpowers/brainstorm/57749-1777991204/content/waiting-2.html"}
{"type":"screen-added","file":"/Users/lawrence-eq/Projects/andikisha/.superpowers/brainstorm/57749-1777991204/content/nav-options.html"}
{"source":"user-event","type":"click","text":"B\n    \n      Grouped — section headers recommended\n      Items grouped under quiet section labels. Scales gracefully when Phase 2 items are added.\n    \n    \n      \n        \n          \n          \n          CUSTOMERS\n          \n          \n          \n          \n          \n          \n          PLATFORM\n          \n          \n          \n          \n        \n        \n          \n            \n          \n          \n          \n          \n          \n        \n      \n    \n    \n      Customers: Tenants · Plans & Licences · Feature Flags\n      Platform: Audit Log · Platform Config\n      Top: Dashboard  |  Bottom: Settings (auth/sessions)","choice":"b","id":null,"timestamp":1777994098916}
{"type":"screen-added","file":"/Users/lawrence-eq/Projects/andikisha/.superpowers/brainstorm/57749-1777991204/content/dashboard-mockup.html"}
{"type":"screen-updated","file":"/Users/lawrence-eq/Projects/andikisha/.superpowers/brainstorm/57749-1777991204/content/dashboard-mockup.html"}
{"type":"screen-updated","file":"/Users/lawrence-eq/Projects/andikisha/.superpowers/brainstorm/57749-1777991204/content/dashboard-mockup.html"}
{"type":"screen-updated","file":"/Users/lawrence-eq/Projects/andikisha/.superpowers/brainstorm/57749-1777991204/content/dashboard-mockup.html"}
{"type":"screen-added","file":"/Users/lawrence-eq/Projects/andikisha/.superpowers/brainstorm/57749-1777991204/content/icon-options.html"}
{"source":"user-event","type":"click","text":"C\n    \n      \n        \n          \n            \n          \n        \n        Dashboard\n      \n      Customers\n      \n        \n          \n            \n          \n        \n        Tenants\n      \n      \n        \n          \n            \n          \n        \n        Plans & Licences\n      \n      \n        \n          \n            \n          \n        \n        Feature Flags\n      \n      Platform\n      \n        \n          \n            \n          \n        \n        Audit Log\n      \n      \n        \n          \n            \n          \n        \n        Platform Config\n      \n    \n    \n      Icon in pill bg\n      Each icon sits in a subtle pill. Active item uses amber. Adds depth and makes the active state unmissable.","choice":"c","id":null,"timestamp":1777995931766}
{"type":"screen-added","file":"/Users/lawrence-eq/Projects/andikisha/.superpowers/brainstorm/57749-1777991204/content/dashboard-v2.html"}
{"type":"screen-updated","file":"/Users/lawrence-eq/Projects/andikisha/.superpowers/brainstorm/57749-1777991204/content/dashboard-v2.html"}
{"type":"screen-added","file":"/Users/lawrence-eq/Projects/andikisha/.superpowers/brainstorm/57749-1777991204/content/dashboard-v3.html"}
{"type":"server-stopped","reason":"idle timeout"}
